[NX Daemon Server] - 2026-04-08T11:39:33.046Z - Started listening on: /private/var/folders/1c/b3j28lkj4qq2xpjns4hht5qh0000gr/T/2f83d5468f0f5e79af9c/d.sock
[NX Daemon Server] - 2026-04-08T11:39:33.050Z - [WATCHER]: Subscribed to changes within: /Users/jiri.fencl/github.com/testing-monorepo-release-root-tags (native)
[NX Daemon Server] - 2026-04-08T11:39:33.059Z - Established a connection. Number of open connections: 1
[NX Daemon Server] - 2026-04-08T11:39:33.060Z - Established a connection. Number of open connections: 2
[NX Daemon Server] - 2026-04-08T11:39:33.062Z - Closed a connection. Number of open connections: 1
[NX Daemon Server] - 2026-04-08T11:39:33.064Z - [REQUEST]: Responding to the client. Shutdown initiated
[NX Daemon Server] - 2026-04-08T11:39:33.064Z - Done responding to the client Shutdown initiated
[NX Daemon Server] - 2026-04-08T11:39:33.065Z - Handled FORCE_SHUTDOWN. Handling time: 0. Response time: 1.
[NX Daemon Server] - 2026-04-08T11:39:33.066Z - [WATCHER]: Stopping the watcher for /Users/jiri.fencl/github.com/testing-monorepo-release-root-tags (sources)
[NX Daemon Server] - 2026-04-08T11:39:33.066Z - Closed a connection. Number of open connections: 0
[NX Daemon Server] - 2026-04-08T11:39:33.066Z - [WATCHER]: Stopping the watcher for /Users/jiri.fencl/github.com/testing-monorepo-release-root-tags (outputs)
[NX Daemon Server] - 2026-04-08T11:39:54.771Z - Started listening on: /private/var/folders/1c/b3j28lkj4qq2xpjns4hht5qh0000gr/T/2f83d5468f0f5e79af9c/d.sock
[NX Daemon Server] - 2026-04-08T11:39:54.772Z - [WATCHER]: Subscribed to changes within: /Users/jiri.fencl/github.com/testing-monorepo-release-root-tags (native)
[NX Daemon Server] - 2026-04-08T11:39:54.775Z - Established a connection. Number of open connections: 1
[NX Daemon Server] - 2026-04-08T11:39:54.776Z - Established a connection. Number of open connections: 2
[NX Daemon Server] - 2026-04-08T11:39:54.776Z - Closed a connection. Number of open connections: 1
[NX Daemon Server] - 2026-04-08T11:39:54.777Z - [REQUEST]: Client Request for Project Graph Received
[NX Daemon Server] - 2026-04-08T11:39:54.833Z - [WATCHER]: 1 file(s) created or restored, 1 file(s) modified, 0 file(s) deleted
[NX Daemon Server] - 2026-04-08T11:39:54.833Z - [WATCHER]: Processing file changes in outputs
[NX Daemon Server] - 2026-04-08T11:39:54.859Z - Time taken for 'Load Nx Plugin: /Users/jiri.fencl/github.com/testing-monorepo-release-root-tags/node_modules/nx/src/plugins/package-json' 80.998417ms
[NX Daemon Server] - 2026-04-08T11:39:54.859Z - Time taken for 'Load Nx Plugin: /Users/jiri.fencl/github.com/testing-monorepo-release-root-tags/node_modules/nx/src/plugins/project-json/build-nodes/project-json' 80.88749999999999ms
[NX Daemon Server] - 2026-04-08T11:39:54.864Z - [REQUEST]: Updated workspace context based on watched changes, recomputing project graph...
[NX Daemon Server] - 2026-04-08T11:39:54.864Z - [REQUEST]: .nx/workspace-data/d/server-process.json,.nx/workspace-data/nx_files.nxt
[NX Daemon Server] - 2026-04-08T11:39:54.864Z - [REQUEST]: 
[NX Daemon Server] - 2026-04-08T11:39:54.867Z - Time taken for 'loadNxPlugins' 87.24312499999999ms
[NX Daemon Server] - 2026-04-08T11:39:54.878Z - Time taken for 'build-project-configs' 5.399374999999992ms
[NX Daemon Server] - 2026-04-08T11:39:54.885Z - [SYNC]: collect registered sync generators
[NX Daemon Server] - 2026-04-08T11:39:54.886Z - [REQUEST]: Responding to the client. project-graph
[NX Daemon Server] - 2026-04-08T11:39:54.886Z - Time taken for 'total for creating and serializing project graph' 109.08850000000001ms
[NX Daemon Server] - 2026-04-08T11:39:54.886Z - Done responding to the client project-graph
[NX Daemon Server] - 2026-04-08T11:39:54.886Z - Handled REQUEST_PROJECT_GRAPH. Handling time: 109. Response time: 0.
[NX Daemon Server] - 2026-04-08T11:39:54.934Z - [REQUEST]: Updated workspace context based on watched changes, recomputing project graph...
[NX Daemon Server] - 2026-04-08T11:39:54.934Z - [REQUEST]: 
[NX Daemon Server] - 2026-04-08T11:39:54.934Z - [REQUEST]: 
[NX Daemon Server] - 2026-04-08T11:39:54.934Z - Time taken for 'hash changed files from watcher' 0.025209000000018023ms
[NX Daemon Server] - 2026-04-08T11:39:54.936Z - Time taken for 'build-project-configs' 1.9918750000000216ms
[NX Daemon Server] - 2026-04-08T11:39:54.939Z - [SYNC]: collect registered sync generators
[NX Daemon Server] - 2026-04-08T11:39:54.939Z - [SYNC]: project graph hash is the same, not collecting task sync generators
[NX Daemon Server] - 2026-04-08T11:39:54.939Z - [SYNC]: nx.json hash is the same, not collecting global sync generators
[NX Daemon Server] - 2026-04-08T11:39:54.939Z - Time taken for 'total execution time for createProjectGraph()' 1.8751670000000047ms
[NX Daemon Server] - 2026-04-08T11:39:54.945Z - [REQUEST]: Responding to the client. handleHashTasks
[NX Daemon Server] - 2026-04-08T11:39:54.945Z - Done responding to the client handleHashTasks
[NX Daemon Server] - 2026-04-08T11:39:54.945Z - Handled HASH_TASKS. Handling time: 2. Response time: 0.
[NX Daemon Server] - 2026-04-08T11:39:54.947Z - [WATCHER]: 4 file(s) created or restored, 0 file(s) modified, 2 file(s) deleted
[NX Daemon Server] - 2026-04-08T11:39:54.965Z - [REQUEST]: Responding to the client. handleGetEstimatedTaskTimings
[NX Daemon Server] - 2026-04-08T11:39:54.965Z - Done responding to the client handleGetEstimatedTaskTimings
[NX Daemon Server] - 2026-04-08T11:39:54.965Z - Handled GET_ESTIMATED_TASK_TIMINGS. Handling time: 17. Response time: 0.
[NX Daemon Server] - 2026-04-08T11:39:55.000Z - [WATCHER]: 5 file(s) created or restored, 0 file(s) modified, 4 file(s) deleted
[NX Daemon Server] - 2026-04-08T11:39:55.048Z - [REQUEST]: Updated workspace context based on watched changes, recomputing project graph...
[NX Daemon Server] - 2026-04-08T11:39:55.048Z - [REQUEST]: .nx/workspace-data/file-map.json,.nx/workspace-data/lockfile.hash,.nx/workspace-data/parsed-lock-file.json,.nx/workspace-data/project-graph.json,.nx/workspace-data/082FFFEF-304C-5295-8882-F5679393AB24.db-shm,.nx/workspace-data/082FFFEF-304C-5295-8882-F5679393AB24.db,.nx/workspace-data/082FFFEF-304C-5295-8882-F5679393AB24.db-wal
[NX Daemon Server] - 2026-04-08T11:39:55.048Z - [REQUEST]: .nx/workspace-data/file-map.json~54d363a5,.nx/workspace-data/project-graph.json~54d363a5,.nx/workspace-data/project-graph.json~6f759450,.nx/workspace-data/file-map.json~6f759450,.nx/workspace-data/082FFFEF-304C-5295-8882-F5679393AB24.lock,.nx/workspace-data/082FFFEF-304C-5295-8882-F5679393AB24.db-journal
[NX Daemon Server] - 2026-04-08T11:39:55.048Z - Time taken for 'hash changed files from watcher' 0.31566600000002154ms
[NX Daemon Server] - 2026-04-08T11:39:55.050Z - Time taken for 'build-project-configs' 1.604833000000042ms
[NX Daemon Server] - 2026-04-08T11:39:55.052Z - [SYNC]: collect registered sync generators
[NX Daemon Server] - 2026-04-08T11:39:55.052Z - [SYNC]: project graph hash is the same, not collecting task sync generators
[NX Daemon Server] - 2026-04-08T11:39:55.052Z - [SYNC]: nx.json hash is the same, not collecting global sync generators
[NX Daemon Server] - 2026-04-08T11:39:55.052Z - Time taken for 'total execution time for createProjectGraph()' 1.539083000000005ms
[NX Daemon Server] - 2026-04-08T11:39:55.115Z - [WATCHER]: 2 file(s) created or restored, 0 file(s) modified, 2 file(s) deleted
[NX Daemon Server] - 2026-04-08T11:39:55.215Z - [REQUEST]: Updated workspace context based on watched changes, recomputing project graph...
[NX Daemon Server] - 2026-04-08T11:39:55.215Z - [REQUEST]: .nx/workspace-data/project-graph.json,.nx/workspace-data/file-map.json
[NX Daemon Server] - 2026-04-08T11:39:55.215Z - [REQUEST]: .nx/workspace-data/project-graph.json~c6898dfa,.nx/workspace-data/file-map.json~c6898dfa
[NX Daemon Server] - 2026-04-08T11:39:55.216Z - Time taken for 'hash changed files from watcher' 0.11733399999997118ms
[NX Daemon Server] - 2026-04-08T11:39:55.217Z - Time taken for 'build-project-configs' 1.8977500000000305ms
[NX Daemon Server] - 2026-04-08T11:39:55.219Z - [SYNC]: collect registered sync generators
[NX Daemon Server] - 2026-04-08T11:39:55.220Z - [SYNC]: project graph hash is the same, not collecting task sync generators
[NX Daemon Server] - 2026-04-08T11:39:55.220Z - [SYNC]: nx.json hash is the same, not collecting global sync generators
[NX Daemon Server] - 2026-04-08T11:39:55.220Z - Time taken for 'total execution time for createProjectGraph()' 1.5994170000000167ms
[NX Daemon Server] - 2026-04-08T11:39:55.283Z - [WATCHER]: 2 file(s) created or restored, 0 file(s) modified, 2 file(s) deleted
[NX Daemon Server] - 2026-04-08T11:39:55.318Z - [REQUEST]: Responding to the client. recordOutputsHash
[NX Daemon Server] - 2026-04-08T11:39:55.318Z - Done responding to the client recordOutputsHash
[NX Daemon Server] - 2026-04-08T11:39:55.318Z - Handled RECORD_OUTPUTS_HASH. Handling time: 1. Response time: 0.
[NX Daemon Server] - 2026-04-08T11:39:55.375Z - [WATCHER]: 5 file(s) created or restored, 0 file(s) modified, 0 file(s) deleted
[NX Daemon Server] - 2026-04-08T11:39:55.383Z - [REQUEST]: Updated workspace context based on watched changes, recomputing project graph...
[NX Daemon Server] - 2026-04-08T11:39:55.383Z - [REQUEST]: .nx/workspace-data/file-map.json,.nx/workspace-data/project-graph.json,.nx/cache/10037384644148156224/source,.nx/cache/10037384644148156224/code,.nx/cache/terminalOutputs/10037384644148156224,.nx/cache/10037384644148156224.commit,.nx/cache/10037384644148156224/terminalOutput
[NX Daemon Server] - 2026-04-08T11:39:55.383Z - [REQUEST]: .nx/workspace-data/file-map.json~7af533a6,.nx/workspace-data/project-graph.json~7af533a6
[NX Daemon Server] - 2026-04-08T11:39:55.384Z - Time taken for 'hash changed files from watcher' 0.234375ms
[NX Daemon Server] - 2026-04-08T11:39:55.386Z - Time taken for 'build-project-configs' 2.080541999999923ms
[NX Daemon Server] - 2026-04-08T11:39:55.388Z - [SYNC]: collect registered sync generators
[NX Daemon Server] - 2026-04-08T11:39:55.388Z - [SYNC]: project graph hash is the same, not collecting task sync generators
[NX Daemon Server] - 2026-04-08T11:39:55.388Z - [SYNC]: nx.json hash is the same, not collecting global sync generators
[NX Daemon Server] - 2026-04-08T11:39:55.389Z - Time taken for 'total execution time for createProjectGraph()' 1.8103340000000117ms
[NX Daemon Server] - 2026-04-08T11:39:55.441Z - [WATCHER]: 2 file(s) created or restored, 0 file(s) modified, 2 file(s) deleted
[NX Daemon Server] - 2026-04-08T11:39:55.541Z - [REQUEST]: Updated workspace context based on watched changes, recomputing project graph...
[NX Daemon Server] - 2026-04-08T11:39:55.541Z - [REQUEST]: .nx/workspace-data/project-graph.json,.nx/workspace-data/file-map.json
[NX Daemon Server] - 2026-04-08T11:39:55.541Z - [REQUEST]: .nx/workspace-data/project-graph.json~aa65002c,.nx/workspace-data/file-map.json~aa65002c
[NX Daemon Server] - 2026-04-08T11:39:55.542Z - Time taken for 'hash changed files from watcher' 0.1374999999999318ms
[NX Daemon Server] - 2026-04-08T11:39:55.544Z - Time taken for 'build-project-configs' 1.7062499999999545ms
[NX Daemon Server] - 2026-04-08T11:39:55.546Z - [SYNC]: collect registered sync generators
[NX Daemon Server] - 2026-04-08T11:39:55.546Z - [SYNC]: project graph hash is the same, not collecting task sync generators
[NX Daemon Server] - 2026-04-08T11:39:55.546Z - [SYNC]: nx.json hash is the same, not collecting global sync generators
[NX Daemon Server] - 2026-04-08T11:39:55.547Z - Time taken for 'total execution time for createProjectGraph()' 1.7043750000000273ms
[NX Daemon Server] - 2026-04-08T11:39:55.603Z - [WATCHER]: 2 file(s) created or restored, 0 file(s) modified, 2 file(s) deleted
[NX Daemon Server] - 2026-04-08T11:39:55.633Z - [REQUEST]: Responding to the client. recordOutputsHash
[NX Daemon Server] - 2026-04-08T11:39:55.633Z - Done responding to the client recordOutputsHash
[NX Daemon Server] - 2026-04-08T11:39:55.633Z - Handled RECORD_OUTPUTS_HASH. Handling time: 1. Response time: 0.
[NX Daemon Server] - 2026-04-08T11:39:55.635Z - [REQUEST]: Responding to the client. handleRecordTaskRuns
[NX Daemon Server] - 2026-04-08T11:39:55.635Z - Done responding to the client handleRecordTaskRuns
[NX Daemon Server] - 2026-04-08T11:39:55.635Z - Handled RECORD_TASK_RUNS. Handling time: 0. Response time: 0.
[NX Daemon Server] - 2026-04-08T11:39:55.636Z - [REQUEST]: Responding to the client. handleGetFlakyTasks
[NX Daemon Server] - 2026-04-08T11:39:55.636Z - Done responding to the client handleGetFlakyTasks
[NX Daemon Server] - 2026-04-08T11:39:55.636Z - Handled GET_FLAKY_TASKS. Handling time: 1. Response time: 0.
[NX Daemon Server] - 2026-04-08T11:39:55.639Z - Closed a connection. Number of open connections: 0
[NX Daemon Server] - 2026-04-08T11:39:55.686Z - [WATCHER]: 6 file(s) created or restored, 1 file(s) modified, 2 file(s) deleted
[NX Daemon Server] - 2026-04-08T11:39:55.704Z - [REQUEST]: Updated workspace context based on watched changes, recomputing project graph...
[NX Daemon Server] - 2026-04-08T11:39:55.704Z - [REQUEST]: .nx/workspace-data/file-map.json,.nx/workspace-data/project-graph.json,.nx/cache/terminalOutputs/11456545102362695110,.nx/cache/11456545102362695110/source,.nx/cache/11456545102362695110/terminalOutput,.nx/cache/11456545102362695110.commit,.nx/cache/11456545102362695110/code,.nx/cache/run.json,.nx/workspace-data/082FFFEF-304C-5295-8882-F5679393AB24.db
[NX Daemon Server] - 2026-04-08T11:39:55.704Z - [REQUEST]: .nx/workspace-data/project-graph.json~7d051f5b,.nx/workspace-data/file-map.json~7d051f5b,.nx/workspace-data/082FFFEF-304C-5295-8882-F5679393AB24.db-wal,.nx/workspace-data/082FFFEF-304C-5295-8882-F5679393AB24.db-shm
[NX Daemon Server] - 2026-04-08T11:39:55.705Z - Time taken for 'hash changed files from watcher' 0.26187500000003183ms
[NX Daemon Server] - 2026-04-08T11:39:55.707Z - Time taken for 'build-project-configs' 1.4543340000000171ms
[NX Daemon Server] - 2026-04-08T11:39:55.709Z - [SYNC]: collect registered sync generators
[NX Daemon Server] - 2026-04-08T11:39:55.709Z - [SYNC]: project graph hash is the same, not collecting task sync generators
[NX Daemon Server] - 2026-04-08T11:39:55.709Z - [SYNC]: nx.json hash is the same, not collecting global sync generators
[NX Daemon Server] - 2026-04-08T11:39:55.709Z - Time taken for 'total execution time for createProjectGraph()' 1.5867080000000442ms
[NX Daemon Server] - 2026-04-08T11:39:55.772Z - [WATCHER]: 2 file(s) created or restored, 0 file(s) modified, 2 file(s) deleted
[NX Daemon Server] - 2026-04-08T11:39:55.872Z - [REQUEST]: Updated workspace context based on watched changes, recomputing project graph...
[NX Daemon Server] - 2026-04-08T11:39:55.872Z - [REQUEST]: .nx/workspace-data/project-graph.json,.nx/workspace-data/file-map.json
[NX Daemon Server] - 2026-04-08T11:39:55.872Z - [REQUEST]: .nx/workspace-data/file-map.json~332945c8,.nx/workspace-data/project-graph.json~332945c8
[NX Daemon Server] - 2026-04-08T11:39:55.872Z - Time taken for 'hash changed files from watcher' 0.12362500000017462ms
[NX Daemon Server] - 2026-04-08T11:39:55.874Z - Time taken for 'build-project-configs' 1.4166250000000673ms
[NX Daemon Server] - 2026-04-08T11:39:55.876Z - [SYNC]: collect registered sync generators
[NX Daemon Server] - 2026-04-08T11:39:55.876Z - [SYNC]: project graph hash is the same, not collecting task sync generators
[NX Daemon Server] - 2026-04-08T11:39:55.876Z - [SYNC]: nx.json hash is the same, not collecting global sync generators
[NX Daemon Server] - 2026-04-08T11:39:55.876Z - Time taken for 'total execution time for createProjectGraph()' 1.5237919999999576ms
[NX Daemon Server] - 2026-04-08T11:39:55.932Z - [WATCHER]: 2 file(s) created or restored, 0 file(s) modified, 2 file(s) deleted
[NX Daemon Server] - 2026-04-08T11:39:56.028Z - Established a connection. Number of open connections: 1
[NX Daemon Server] - 2026-04-08T11:39:56.028Z - Closed a connection. Number of open connections: 0
[NX Daemon Server] - 2026-04-08T11:39:56.029Z - Established a connection. Number of open connections: 1
[NX Daemon Server] - 2026-04-08T11:39:56.029Z - [REQUEST]: Client Request for Project Graph Received
[NX Daemon Server] - 2026-04-08T11:39:56.029Z - [REQUEST]: Updated workspace context based on watched changes, recomputing project graph...
[NX Daemon Server] - 2026-04-08T11:39:56.029Z - [REQUEST]: .nx/workspace-data/file-map.json,.nx/workspace-data/project-graph.json
[NX Daemon Server] - 2026-04-08T11:39:56.029Z - [REQUEST]: .nx/workspace-data/project-graph.json~2e2b02c0,.nx/workspace-data/file-map.json~2e2b02c0
[NX Daemon Server] - 2026-04-08T11:39:56.030Z - Time taken for 'hash changed files from watcher' 0.10024999999995998ms
[NX Daemon Server] - 2026-04-08T11:39:56.032Z - Time taken for 'build-project-configs' 1.350208000000066ms
[NX Daemon Server] - 2026-04-08T11:39:56.034Z - [SYNC]: collect registered sync generators
[NX Daemon Server] - 2026-04-08T11:39:56.034Z - [SYNC]: project graph hash is the same, not collecting task sync generators
[NX Daemon Server] - 2026-04-08T11:39:56.034Z - [SYNC]: nx.json hash is the same, not collecting global sync generators
[NX Daemon Server] - 2026-04-08T11:39:56.034Z - [REQUEST]: Responding to the client. project-graph
[NX Daemon Server] - 2026-04-08T11:39:56.034Z - Time taken for 'total for creating and serializing project graph' 4.826375000000098ms
[NX Daemon Server] - 2026-04-08T11:39:56.034Z - Done responding to the client project-graph
[NX Daemon Server] - 2026-04-08T11:39:56.035Z - Handled REQUEST_PROJECT_GRAPH. Handling time: 5. Response time: 1.
[NX Daemon Server] - 2026-04-08T11:39:56.065Z - [REQUEST]: Responding to the client. handleHashTasks
[NX Daemon Server] - 2026-04-08T11:39:56.065Z - Done responding to the client handleHashTasks
[NX Daemon Server] - 2026-04-08T11:39:56.065Z - Handled HASH_TASKS. Handling time: 4. Response time: 0.
[NX Daemon Server] - 2026-04-08T11:39:56.069Z - [REQUEST]: Responding to the client. handleGetEstimatedTaskTimings
[NX Daemon Server] - 2026-04-08T11:39:56.069Z - Done responding to the client handleGetEstimatedTaskTimings
[NX Daemon Server] - 2026-04-08T11:39:56.069Z - Handled GET_ESTIMATED_TASK_TIMINGS. Handling time: 0. Response time: 0.
[NX Daemon Server] - 2026-04-08T11:39:56.096Z - [REQUEST]: Responding to the client. outputsHashesMatch
[NX Daemon Server] - 2026-04-08T11:39:56.097Z - Done responding to the client outputsHashesMatch
[NX Daemon Server] - 2026-04-08T11:39:56.097Z - Handled OUTPUTS_HASHES_MATCH. Handling time: 0. Response time: 1.
[NX Daemon Server] - 2026-04-08T11:39:56.097Z - [REQUEST]: Responding to the client. recordOutputsHash
[NX Daemon Server] - 2026-04-08T11:39:56.097Z - Done responding to the client recordOutputsHash
[NX Daemon Server] - 2026-04-08T11:39:56.097Z - Handled RECORD_OUTPUTS_HASH. Handling time: 0. Response time: 0.
[NX Daemon Server] - 2026-04-08T11:39:56.106Z - [WATCHER]: 4 file(s) created or restored, 0 file(s) modified, 3 file(s) deleted
[NX Daemon Server] - 2026-04-08T11:39:56.205Z - [REQUEST]: Updated workspace context based on watched changes, recomputing project graph...
[NX Daemon Server] - 2026-04-08T11:39:56.205Z - [REQUEST]: .nx/workspace-data/082FFFEF-304C-5295-8882-F5679393AB24.db-wal,.nx/workspace-data/082FFFEF-304C-5295-8882-F5679393AB24.db-shm,.nx/workspace-data/file-map.json,.nx/workspace-data/project-graph.json
[NX Daemon Server] - 2026-04-08T11:39:56.205Z - [REQUEST]: .nx/workspace-data/file-map.json~9a91070f,.nx/workspace-data/project-graph.json~9a91070f,.nx/workspace-data/082FFFEF-304C-5295-8882-F5679393AB24.lock
[NX Daemon Server] - 2026-04-08T11:39:56.212Z - Time taken for 'hash changed files from watcher' 0.24041699999997945ms
[NX Daemon Server] - 2026-04-08T11:39:56.214Z - Time taken for 'build-project-configs' 1.5564580000000205ms
[NX Daemon Server] - 2026-04-08T11:39:56.216Z - [SYNC]: collect registered sync generators
[NX Daemon Server] - 2026-04-08T11:39:56.216Z - [SYNC]: project graph hash is the same, not collecting task sync generators
[NX Daemon Server] - 2026-04-08T11:39:56.216Z - [SYNC]: nx.json hash is the same, not collecting global sync generators
[NX Daemon Server] - 2026-04-08T11:39:56.216Z - Time taken for 'total execution time for createProjectGraph()' 1.8832910000000993ms
[NX Daemon Server] - 2026-04-08T11:39:56.288Z - [WATCHER]: 2 file(s) created or restored, 0 file(s) modified, 2 file(s) deleted
[NX Daemon Server] - 2026-04-08T11:39:56.347Z - [REQUEST]: Responding to the client. recordOutputsHash
[NX Daemon Server] - 2026-04-08T11:39:56.347Z - Done responding to the client recordOutputsHash
[NX Daemon Server] - 2026-04-08T11:39:56.347Z - Handled RECORD_OUTPUTS_HASH. Handling time: 0. Response time: 0.
[NX Daemon Server] - 2026-04-08T11:39:56.348Z - [REQUEST]: Responding to the client. recordOutputsHash
[NX Daemon Server] - 2026-04-08T11:39:56.348Z - Done responding to the client recordOutputsHash
[NX Daemon Server] - 2026-04-08T11:39:56.348Z - Handled RECORD_OUTPUTS_HASH. Handling time: 0. Response time: 0.
/Users/jiri.fencl/github.com/testing-monorepo-release-root-tags/node_modules/nx/src/utils/task-history.js:32
            return this.taskHistory.recordTaskRuns(taskRuns);
                                    ^

Error: DB transaction operation error: SqliteFailure(Error { code: ConstraintViolation, extended_code: 787 }, Some("FOREIGN KEY constraint failed"))
    at TaskHistory.recordTaskRuns (/Users/jiri.fencl/github.com/testing-monorepo-release-root-tags/node_modules/nx/src/utils/task-history.js:32:37)
    at handleRecordTaskRuns (/Users/jiri.fencl/github.com/testing-monorepo-release-root-tags/node_modules/nx/src/daemon/server/handle-task-history.js:9:23)
    at /Users/jiri.fencl/github.com/testing-monorepo-release-root-tags/node_modules/nx/src/daemon/server/server.js:149:122
    at handleResult (/Users/jiri.fencl/github.com/testing-monorepo-release-root-tags/node_modules/nx/src/daemon/server/server.js:172:22)
    at handleMessage (/Users/jiri.fencl/github.com/testing-monorepo-release-root-tags/node_modules/nx/src/daemon/server/server.js:149:15)
    at /Users/jiri.fencl/github.com/testing-monorepo-release-root-tags/node_modules/nx/src/daemon/server/server.js:72:15
    at Socket.<anonymous> (/Users/jiri.fencl/github.com/testing-monorepo-release-root-tags/node_modules/nx/src/utils/consume-messages-from-socket.js:13:17)
    at Socket.emit (node:events:508:28)
    at addChunk (node:internal/streams/readable:559:12)
    at readableAddChunkPushByteMode (node:internal/streams/readable:510:3) {
  code: 'GenericFailure'
}

Node.js v24.12.0
